<?xml version="1.0" encoding="UTF-8"?>
<!-- Generated by org.testng.reporters.JUnitReportReporter -->
<testsuite hostname="manju-PC" name="testNG.LinksonThePage" tests="1" failures="0" timestamp="12 Oct 2018 09:24:26 GMT" time="6.566" errors="0">
  <testcase name="linksTotal" time="6.566" classname="testNG.LinksonThePage"/>
</testsuite> <!-- testNG.LinksonThePage -->
