<?xml version="1.0" encoding="UTF-8"?>
<!-- Generated by org.testng.reporters.JUnitReportReporter -->
<testsuite hostname="manju-PC" name="demo.NumberofLinks" tests="1" failures="0" timestamp="24 Oct 2018 17:45:57 GMT" time="13.256" errors="0">
  <testcase name="linksTotal" time="13.256" classname="demo.NumberofLinks"/>
</testsuite> <!-- demo.NumberofLinks -->
