<?xml version="1.0" encoding="UTF-8"?>
<!-- Generated by org.testng.reporters.JUnitReportReporter -->
<testsuite hostname="manju-PC" name="testNG1.TestNG_DP" tests="2" failures="0" timestamp="5 Jul 2018 04:24:03 GMT" time="0.035" errors="0">
  <testcase name="fillUserForm" time="0.022" classname="testNG1.TestNG_DP"/>
  <testcase name="fillUserForm" time="0.013" classname="testNG1.TestNG_DP"/>
</testsuite> <!-- testNG1.TestNG_DP -->
