<?xml version="1.0" encoding="UTF-8"?>
<!-- Generated by org.testng.reporters.JUnitReportReporter -->
<testsuite hostname="manju-PC" name="testNG.Parameter_Example" tests="1" failures="0" timestamp="12 Dec 2018 01:05:16 GMT" time="3.910" errors="0">
  <testcase name="Reg" time="3.910" classname="testNG.Parameter_Example"/>
</testsuite> <!-- testNG.Parameter_Example -->
