<?xml version="1.0" encoding="UTF-8"?>
<!-- Generated by org.testng.reporters.JUnitReportReporter -->
<testsuite hostname="manju-PC" name="testNG.TestNG_Example" tests="2" failures="0" timestamp="21 Jun 2018 04:00:16 GMT" time="0.092" errors="0">
  <testcase name="m1" time="0.009" classname="testNG.TestNG_Example"/>
  <testcase name="m" time="0.083" classname="testNG.TestNG_Example"/>
</testsuite> <!-- testNG.TestNG_Example -->
